[2025-06-09 08:17:33,830] INFO [main.py:41] - Starting data ingestion...
[2025-06-09 08:17:33,830] INFO [data_ingestion.py:33] - DataIngestion initialized with config.
[2025-06-09 08:17:33,831] INFO [data_ingestion.py:132] - Starting data ingestion process.
[2025-06-09 08:17:33,832] INFO [data_ingestion.py:44] - Connecting to MongoDB for data export.
[2025-06-09 08:17:38,338] INFO [data_ingestion.py:49] - Connected to MongoDB: mongodb+srv://iyanuoluwaadebayo04:Admin234@cluster0.l0fwss3.mongodb.net/?retryWrites=true&w=majority&appName=Cluster0
[2025-06-09 08:17:38,338] INFO [data_ingestion.py:52] - Accessing collection: Iyan-coder.NetworkData
[2025-06-09 08:17:46,022] INFO [data_ingestion.py:55] - Fetched 11055 records from MongoDB collection: NetworkData
[2025-06-09 08:17:46,031] INFO [data_ingestion.py:59] - Dropped _id column from DataFrame
[2025-06-09 08:17:46,033] INFO [data_ingestion.py:62] - Final dataframe shape after cleaning: (11055, 31)
[2025-06-09 08:17:46,039] INFO [data_ingestion.py:81] - Saving data to feature store path: Artifacts\06_09_2025_08_17_31\data_ingestion\feature_store\phisingData.csv
[2025-06-09 08:17:46,209] INFO [data_ingestion.py:84] - Data exported to feature store at Artifacts\06_09_2025_08_17_31\data_ingestion\feature_store\phisingData.csv
[2025-06-09 08:17:46,210] INFO [data_ingestion.py:101] - Splitting data into train and test sets.
[2025-06-09 08:17:46,217] INFO [data_ingestion.py:107] - Train set shape: (8844, 31), Test set shape: (2211, 31)
[2025-06-09 08:17:46,219] INFO [data_ingestion.py:111] - Saving train and test files to: Artifacts\06_09_2025_08_17_31\data_ingestion\ingested
[2025-06-09 08:17:46,398] INFO [data_ingestion.py:116] - Train data saved to: Artifacts\06_09_2025_08_17_31\data_ingestion\ingested\train.csv
[2025-06-09 08:17:46,399] INFO [data_ingestion.py:117] - Test data saved to: Artifacts\06_09_2025_08_17_31\data_ingestion\ingested\test.csv
[2025-06-09 08:17:46,401] INFO [data_ingestion.py:147] - Data ingestion completed successfully.
[2025-06-09 08:17:46,403] INFO [main.py:45] - Data ingestion completed.
[2025-06-09 08:17:46,403] INFO [main.py:51] - Starting data validation...
[2025-06-09 08:17:46,501] INFO [data_validation.py:86] - Expected columns count: 31
[2025-06-09 08:17:46,502] INFO [data_validation.py:87] - Actual columns count: 31
[2025-06-09 08:17:46,503] INFO [data_validation.py:86] - Expected columns count: 31
[2025-06-09 08:17:46,504] INFO [data_validation.py:87] - Actual columns count: 31
[2025-06-09 08:17:46,507] INFO [data_validation.py:165] - Numerical columns found: ['having_IP_Address', 'URL_Length', 'Shortining_Service', 'having_At_Symbol', 'double_slash_redirecting', 'Prefix_Suffix', 'having_Sub_Domain', 'SSLfinal_State', 'Domain_registeration_length', 'Favicon', 'port', 'HTTPS_token', 'Request_URL', 'URL_of_Anchor', 'Links_in_tags', 'SFH', 'Submitting_to_email', 'Abnormal_URL', 'Redirect', 'on_mouseover', 'RightClick', 'popUpWidnow', 'Iframe', 'age_of_domain', 'DNSRecord', 'web_traffic', 'Page_Rank', 'Google_Index', 'Links_pointing_to_page', 'Statistical_report', 'Result']
[2025-06-09 08:17:46,510] INFO [data_validation.py:165] - Numerical columns found: ['having_IP_Address', 'URL_Length', 'Shortining_Service', 'having_At_Symbol', 'double_slash_redirecting', 'Prefix_Suffix', 'having_Sub_Domain', 'SSLfinal_State', 'Domain_registeration_length', 'Favicon', 'port', 'HTTPS_token', 'Request_URL', 'URL_of_Anchor', 'Links_in_tags', 'SFH', 'Submitting_to_email', 'Abnormal_URL', 'Redirect', 'on_mouseover', 'RightClick', 'popUpWidnow', 'Iframe', 'age_of_domain', 'DNSRecord', 'web_traffic', 'Page_Rank', 'Google_Index', 'Links_pointing_to_page', 'Statistical_report', 'Result']
[2025-06-09 08:17:46,948] INFO [main.py:55] - Data validation completed.
[2025-06-09 08:17:46,951] INFO [main.py:61] - Starting data transformation...
[2025-06-09 08:17:46,952] INFO [data_transformation.py:61] - Entered initiate_data_transformation method of DataTransformation class
[2025-06-09 08:17:47,018] INFO [data_transformation.py:44] - Entered get_data_transformer_object method of Transformation class
[2025-06-09 08:17:47,020] INFO [data_transformation.py:48] - Initialized KNNImputer with {'missing_values': nan, 'n_neighbors': 3, 'weights': 'uniform'}
[2025-06-09 08:17:47,056] INFO [utils.py:116] - Entered the save_object method of MainUtils class
[2025-06-09 08:17:47,066] INFO [utils.py:125] - Exited the save_object method of MainUtils class
[2025-06-09 08:17:47,069] INFO [main.py:65] - Data transformation completed.
[2025-06-09 08:17:47,072] INFO [main.py:71] - Starting Model Trainer...
[2025-06-09 08:17:47,166] INFO [model_trainer.py:230] - Entered initiate_model_trainer method of ModelTrainer class
[2025-06-09 08:17:47,169] INFO [utils.py:183] - Loading numpy array from file: Artifacts\06_09_2025_08_17_31\data_transformation\transformed\train.npy
[2025-06-09 08:17:47,173] INFO [utils.py:186] - Successfully loaded numpy array from file: Artifacts\06_09_2025_08_17_31\data_transformation\transformed\train.npy
[2025-06-09 08:17:47,174] INFO [utils.py:183] - Loading numpy array from file: Artifacts\06_09_2025_08_17_31\data_transformation\transformed\test.npy
[2025-06-09 08:17:47,176] INFO [utils.py:186] - Successfully loaded numpy array from file: Artifacts\06_09_2025_08_17_31\data_transformation\transformed\test.npy
[2025-06-09 08:17:47,177] INFO [model_trainer.py:182] - Training and evaluating models...
[2025-06-09 08:17:47,178] INFO [utils.py:229] - Starting model evaluation and hyperparameter tuning...
[2025-06-09 08:17:47,178] INFO [utils.py:233] - Evaluating model: Decision Tree
[2025-06-09 08:17:47,506] INFO [utils.py:243] - Best parameters for Decision Tree: {'criterion': 'log_loss'}
[2025-06-09 08:17:47,546] INFO [utils.py:254] - Accuracy for model Decision Tree: 0.9634
[2025-06-09 08:17:47,547] INFO [utils.py:233] - Evaluating model: Random Forest
[2025-06-09 08:18:02,348] INFO [utils.py:243] - Best parameters for Random Forest: {'n_estimators': 128}
[2025-06-09 08:18:03,982] INFO [utils.py:254] - Accuracy for model Random Forest: 0.9701
[2025-06-09 08:18:03,983] INFO [utils.py:233] - Evaluating model: Gradient Boosting
[2025-06-09 08:24:36,951] INFO [utils.py:243] - Best parameters for Gradient Boosting: {'learning_rate': 0.1, 'n_estimators': 256, 'subsample': 0.85}
[2025-06-09 08:24:41,157] INFO [utils.py:254] - Accuracy for model Gradient Boosting: 0.9634
[2025-06-09 08:24:41,158] INFO [utils.py:233] - Evaluating model: Logistic Regression
[2025-06-09 08:24:41,428] INFO [utils.py:243] - Best parameters for Logistic Regression: {}
[2025-06-09 08:24:41,511] INFO [utils.py:254] - Accuracy for model Logistic Regression: 0.9294
[2025-06-09 08:24:41,512] INFO [utils.py:233] - Evaluating model: AdaBoost
[2025-06-09 08:25:35,941] INFO [utils.py:243] - Best parameters for AdaBoost: {'learning_rate': 0.1, 'n_estimators': 128}
[2025-06-09 08:25:38,656] INFO [utils.py:254] - Accuracy for model AdaBoost: 0.9227
[2025-06-09 08:25:38,657] INFO [utils.py:265] - Completed model evaluation for all candidates.
[2025-06-09 08:25:38,659] INFO [model_trainer.py:104] - Best model selected: Random Forest with accuracy: 0.9701492537313433
[2025-06-09 08:25:39,500] INFO [model_trainer.py:148] - Model: Random Forest - Prediction Comparison Summary
[2025-06-09 08:25:39,500] INFO [model_trainer.py:149] - Total samples: 2211
[2025-06-09 08:25:39,501] INFO [model_trainer.py:150] - Correct predictions: 2145
[2025-06-09 08:25:39,501] INFO [model_trainer.py:151] - Misclassified samples: 66
[2025-06-09 08:25:39,502] INFO [model_trainer.py:153] - Examples of Correct Predictions (up to 5):
[2025-06-09 08:25:39,503] INFO [model_trainer.py:155] -   True: 1.0  Predicted: 1.0
[2025-06-09 08:25:39,504] INFO [model_trainer.py:155] -   True: 0.0  Predicted: 0.0
[2025-06-09 08:25:39,505] INFO [model_trainer.py:155] -   True: 1.0  Predicted: 1.0
[2025-06-09 08:25:39,506] INFO [model_trainer.py:155] -   True: 1.0  Predicted: 1.0
[2025-06-09 08:25:39,506] INFO [model_trainer.py:155] -   True: 0.0  Predicted: 0.0
[2025-06-09 08:25:39,507] INFO [model_trainer.py:157] - Examples of Misclassifications (up to 5):
[2025-06-09 08:25:39,508] INFO [model_trainer.py:159] -   True: 0.0  Predicted: 1.0
[2025-06-09 08:25:39,509] INFO [model_trainer.py:159] -   True: 0.0  Predicted: 1.0
[2025-06-09 08:25:39,510] INFO [model_trainer.py:159] -   True: 1.0  Predicted: 0.0
[2025-06-09 08:25:39,510] INFO [model_trainer.py:159] -   True: 1.0  Predicted: 0.0
[2025-06-09 08:25:39,511] INFO [model_trainer.py:159] -   True: 0.0  Predicted: 1.0
[2025-06-09 08:25:39,511] INFO [model_trainer.py:161] - ==================================================
[2025-06-09 08:25:39,513] INFO [utils.py:155] - Loading object from file: Artifacts\06_09_2025_08_17_31\data_transformation\transformed_object\preprocessing.pkl
[2025-06-09 08:25:39,518] INFO [utils.py:157] - Successfully loaded object from file: Artifacts\06_09_2025_08_17_31\data_transformation\transformed_object\preprocessing.pkl
[2025-06-09 08:25:39,524] INFO [utils.py:116] - Entered the save_object method of MainUtils class
[2025-06-09 08:25:39,584] INFO [utils.py:125] - Exited the save_object method of MainUtils class
[2025-06-09 08:25:39,584] INFO [model_trainer.py:129] - Model saved successfully at: Artifacts\06_09_2025_08_17_31\model_trainer\trained_model\model.pkl
[2025-06-09 08:25:39,587] INFO [model_trainer.py:242] - Model trainer pipeline completed successfully.
ModelTrainerArtifact: ModelTrainerArtifact(trained_model_file_path='Artifacts\\06_09_2025_08_17_31\\model_trainer\\trained_model\\model.pkl', train_metric_artifact=ClassficationMetricArtifact(f1_score=0.9911863033127343, precision_score=0.9882828282828283, recall_score=0.994106888843731, accuracy_score=0.9901628222523745, roc_auc_score=np.float64(0.9997033941786211)), test_metric_artifact=ClassficationMetricArtifact(f1_score=0.9733870967741935, precision_score=0.9702572347266881, recall_score=0.9765372168284789, accuracy_score=0.9701492537313433, roc_auc_score=np.float64(0.9956173761513568)))
[2025-06-09 08:25:39,589] INFO [main.py:75] - Model Trainer completed.
